#
# A fatal error has been detected by the Java Runtime Environment:
#
#  EXCEPTION_ACCESS_VIOLATION (0xc0000005) at pc=0x0000000180005b00, pid=25356, tid=20256
#
# JRE version: OpenJDK Runtime Environment (19.0.1+10) (build 19.0.1+10-21)
# Java VM: OpenJDK 64-Bit Server VM (19.0.1+10-21, mixed mode, sharing, tiered, compressed oops, compressed class ptrs, g1 gc, windows-amd64)
# Problematic frame:
# C  [rxtxSerial.dll+0x5b00]
#
# No core dump will be written. Minidumps are not enabled by default on client versions of Windows
#
# If you would like to submit a bug report, please visit:
#   https://bugreport.java.com/bugreport/crash.jsp
# The crash happened outside the Java Virtual Machine in native code.
# See problematic frame for where to report the bug.
#

---------------  S U M M A R Y ------------

Command Line: -javaagent:C:\Users\Gfried\AppData\Local\JetBrains\Toolbox\apps\IDEA-U\ch-0\223.8214.52\lib\idea_rt.jar=56275:C:\Users\Gfried\AppData\Local\JetBrains\Toolbox\apps\IDEA-U\ch-0\223.8214.52\bin -Dfile.encoding=UTF-8 -Dsun.stdout.encoding=UTF-8 -Dsun.stderr.encoding=UTF-8 Main

Host: Intel(R) Core(TM) i7-1065G7 CPU @ 1.30GHz, 8 cores, 15G,  Windows 10 , 64 bit Build 19041 (10.0.19041.2364)
Time: Sat Jan  7 15:36:23 2023 W. Central Africa Standard Time elapsed time: 10.934800 seconds (0d 0h 0m 10s)

---------------  T H R E A D  ---------------

Current thread (0x0000022c794ffca0):  JavaThread "Thread-1" [_thread_in_native, id=20256, stack(0x0000007174d00000,0x0000007174e00000)]

Stack: [0x0000007174d00000,0x0000007174e00000],  sp=0x0000007174dfec70,  free space=1019k
Native frames: (J=compiled Java code, j=interpreted, Vv=VM code, C=native code)
C  [rxtxSerial.dll+0x5b00]

Java frames: (J=compiled Java code, j=interpreted, Vv=VM code)
j  gnu.io.RXTXPort.readArray([BII)I+0
j  gnu.io.RXTXPort$SerialInputStream.read([BII)I+212
j  gnu.io.RXTXPort$SerialInputStream.read([B)I+60
j  model.SerailConnection.SerialReader.run()V+13
j  java.lang.Thread.run()V+13 java.base@19.0.1
v  ~StubRoutines::call_stub 0x0000022c657510e8

siginfo: EXCEPTION_ACCESS_VIOLATION (0xc0000005), reading address 0x0000000074cff1d8


Registers:
RAX=0x0000000000000001, RBX=0x0000000000000000, RCX=0x000000018001d4d5, RDX=0xfffffffffffff665
RSP=0x0000007174dfec70, RBP=0x00000000ffffffff, RSI=0x0000000000000000, RDI=0x0000022c794fff80
R8 =0x0000000000000002, R9 =0xfffffffffffff63c, R10=0x00007ffcaa176230, R11=0x8101010101010100
R12=0x0000000074cff1d0, R13=0x0000000000000008, R14=0x0000007174dfee60, R15=0x0000000000000000
RIP=0x0000000180005b00, EFLAGS=0x0000000000010202


Register to memory mapping:

RIP=0x0000000180005b00 rxtxSerial.dll
RAX=0x0000000000000001 is an unknown value
RBX=0x0 is NULL
RCX=0x000000018001d4d5 rxtxSerial.dll
RDX=0xfffffffffffff665 is an unknown value
RSP=0x0000007174dfec70 is pointing into the stack for thread: 0x0000022c794ffca0
RBP=0x00000000ffffffff is an unknown value
RSI=0x0 is NULL
RDI=0x0000022c794fff80 points into unknown readable memory: 0x00007ffcaa0df9a0 | a0 f9 0d aa fc 7f 00 00
R8 =0x0000000000000002 is an unknown value
R9 =0xfffffffffffff63c is an unknown value
R10=0x00007ffcaa176230 jvm.dll
R11=0x8101010101010100 is an unknown value
R12=0x0000000074cff1d0 is an unknown value
R13=0x0000000000000008 is an unknown value
R14=0x0000007174dfee60 is pointing into the stack for thread: 0x0000022c794ffca0
R15=0x0 is NULL


Top of Stack: (sp=0x0000007174dfec70)
0x0000007174dfec70:   0000000000000000 0000000000000000
0x0000007174dfec80:   0000000000000000 00007ffca99c21ff
0x0000007174dfec90:   0000000000000000 0000007174dfee60
0x0000007174dfeca0:   0000022c79e512f8 0000000000000001
0x0000007174dfecb0:   0000022c794fff80 0000000000000008
0x0000007174dfecc0:   ffffffffffffffff 0000000180006211
0x0000007174dfecd0:   0000022c7df0fb60 0000007174dfee60
0x0000007174dfece0:   0000000000000001 0000022c7df0fb60
0x0000007174dfecf0:   0000022c00000008 00000071ffffffff
0x0000007174dfed00:   0000007174dfee68 0000022c6576b8aa
0x0000007174dfed10:   0000022c6576b8aa 0000022c79e512f8
0x0000007174dfed20:   0000007174dfee30 00007ffca995d215
0x0000007174dfed30:   0000022c6576b8aa 00000000000155b4
0x0000007174dfed40:   0000022c794ffca0 000020404f4509bf
0x0000007174dfed50:   0000022c79e51300 0000022c79e512f8
0x0000007174dfed60:   0000022c794ffca0 0000007174dfee68 

Instructions: (pc=0x0000000180005b00)
0x0000000180005a00:   5d c3 cc cc cc cc cc cc cc cc cc cc cc cc cc cc
0x0000000180005a10:   48 89 5c 24 08 4c 89 4c 24 20 44 89 44 24 18 55
0x0000000180005a20:   56 57 41 54 41 55 41 56 41 57 48 83 ec 20 48 8b
0x0000000180005a30:   2a 48 8b 01 33 db 48 8b d5 48 8b f9 44 8b fb 8b
0x0000000180005a40:   f3 ff 90 f8 00 00 00 4c 8d 0d 9e 70 01 00 4c 8b
0x0000000180005a50:   e0 48 8b 07 4c 8d 05 b5 70 01 00 49 8b d4 48 8b
0x0000000180005a60:   cf ff 90 f0 02 00 00 48 8b cf 4c 8b c0 48 85 c0
0x0000000180005a70:   48 8b 07 75 28 ff 90 80 00 00 00 4c 8b 1f 48 8b
0x0000000180005a80:   cf 41 ff 93 88 00 00 00 4c 8b 1f 49 8b d4 48 8b
0x0000000180005a90:   cf 41 ff 93 b8 00 00 00 4c 8b e3 eb 54 48 8b d5
0x0000000180005aa0:   ff 90 20 03 00 00 49 8b d4 48 8b cf 48 63 e8 48
0x0000000180005ab0:   8b 07 ff 90 b8 00 00 00 48 8d 15 51 70 01 00 48
0x0000000180005ac0:   8d 0d 0e 7a 01 00 41 b8 02 00 00 00 e8 6f 62 00
0x0000000180005ad0:   00 85 c0 75 19 85 ed 75 15 e8 c2 5e 00 00 48 8d
0x0000000180005ae0:   15 23 7a 01 00 48 8d 48 60 e8 3a 5d 00 00 4c 8b
0x0000000180005af0:   e5 8b ac 24 88 00 00 00 44 8b ac 24 80 00 00 00
0x0000000180005b00:   45 8b 74 24 08 41 89 5c 24 08 41 8b fd 85 ed 78
0x0000000180005b10:   09 ff 15 e9 14 01 00 44 8b f8 45 85 ed 7e 4a 90
0x0000000180005b20:   8b c6 ff c6 83 f8 14 7d 40 85 ed 78 0d ff 15 cd
0x0000000180005b30:   14 01 00 41 2b c7 3b c5 7d 2f 8b 4c 24 70 48 63
0x0000000180005b40:   d3 44 8b c7 48 03 54 24 78 e8 a2 31 00 00 85 c0
0x0000000180005b50:   78 33 74 06 03 d8 2b f8 eb 0a b9 e8 03 00 00 e8
0x0000000180005b60:   1c 1c 00 00 41 3b dd 7c b7 8b c3 45 89 74 24 08
0x0000000180005b70:   48 8b 5c 24 60 48 83 c4 20 41 5f 41 5e 41 5d 41
0x0000000180005b80:   5c 5f 5e 5d c3 e8 1e 61 00 00 83 38 04 74 05 e8
0x0000000180005b90:   14 61 00 00 83 c8 ff eb d2 cc cc cc cc cc cc cc
0x0000000180005ba0:   40 53 55 56 57 41 54 41 55 48 81 ec b8 00 00 00
0x0000000180005bb0:   48 8b 05 71 85 01 00 48 33 c4 48 89 84 24 a0 00
0x0000000180005bc0:   00 00 48 8b 01 45 8b e9 41 8b f8 48 8b f2 48 8b
0x0000000180005bd0:   d9 ff 90 f8 00 00 00 4c 8b 13 4c 8d 0d 33 6f 01
0x0000000180005be0:   00 4c 8d 05 7c 6f 01 00 48 8b d0 48 8b cb 4c 8b
0x0000000180005bf0:   e0 41 ff 92 f0 02 00 00 33 ed 48 8b cb 4c 8b c0 


Stack slot to memory mapping:
stack at sp + 0 slots: 0x0 is NULL
stack at sp + 1 slots: 0x0 is NULL
stack at sp + 2 slots: 0x0 is NULL
stack at sp + 3 slots: 0x00007ffca99c21ff jvm.dll
stack at sp + 4 slots: 0x0 is NULL
stack at sp + 5 slots: 0x0000007174dfee60 is pointing into the stack for thread: 0x0000022c794ffca0
stack at sp + 6 slots: 0x0000022c79e512f8 is pointing into metadata
stack at sp + 7 slots: 0x0000000000000001 is an unknown value


---------------  P R O C E S S  ---------------

Threads class SMR info:
_java_thread_list=0x0000022c7e1de1a0, length=16, elements={
0x0000022c794c9300, 0x0000022c794ca180, 0x0000022c794cbf70, 0x0000022c794cd340,
0x0000022c794ce320, 0x0000022c794cfe40, 0x0000022c794e4d80, 0x0000022c794eb730,
0x0000022c794fe210, 0x0000022c794ff750, 0x0000022c79500c90, 0x0000022c794fecb0,
0x0000022c795011e0, 0x0000022c794fdcc0, 0x0000022c794fe760, 0x0000022c794ffca0
}

Java Threads: ( => current thread )
  0x0000022c794c9300 JavaThread "Reference Handler" daemon [_thread_blocked, id=28644, stack(0x0000007173e00000,0x0000007173f00000)]
  0x0000022c794ca180 JavaThread "Finalizer" daemon [_thread_blocked, id=2228, stack(0x0000007173f00000,0x0000007174000000)]
  0x0000022c794cbf70 JavaThread "Signal Dispatcher" daemon [_thread_blocked, id=5632, stack(0x0000007174000000,0x0000007174100000)]
  0x0000022c794cd340 JavaThread "Attach Listener" daemon [_thread_blocked, id=25944, stack(0x0000007174100000,0x0000007174200000)]
  0x0000022c794ce320 JavaThread "Service Thread" daemon [_thread_blocked, id=28272, stack(0x0000007174200000,0x0000007174300000)]
  0x0000022c794cfe40 JavaThread "Monitor Deflation Thread" daemon [_thread_blocked, id=28148, stack(0x0000007174300000,0x0000007174400000)]
  0x0000022c794e4d80 JavaThread "C2 CompilerThread0" daemon [_thread_blocked, id=25412, stack(0x0000007174400000,0x0000007174500000)]
  0x0000022c794eb730 JavaThread "C1 CompilerThread0" daemon [_thread_blocked, id=9992, stack(0x0000007174500000,0x0000007174600000)]
  0x0000022c794fe210 JavaThread "Sweeper thread" daemon [_thread_blocked, id=23840, stack(0x0000007174600000,0x0000007174700000)]
  0x0000022c794ff750 JavaThread "Common-Cleaner" daemon [_thread_blocked, id=28608, stack(0x0000007174700000,0x0000007174800000)]
  0x0000022c79500c90 JavaThread "Monitor Ctrl-Break" daemon [_thread_in_native, id=28280, stack(0x0000007174800000,0x0000007174900000)]
  0x0000022c794fecb0 JavaThread "Notification Thread" daemon [_thread_blocked, id=14104, stack(0x0000007174900000,0x0000007174a00000)]
  0x0000022c795011e0 JavaThread "mysql-cj-abandoned-connection-cleanup" daemon [_thread_blocked, id=13764, stack(0x0000007174b00000,0x0000007174c00000)]
  0x0000022c794fdcc0 JavaThread "Thread-0" [_thread_blocked, id=15692, stack(0x0000007174c00000,0x0000007174d00000)]
  0x0000022c794fe760 JavaThread "DestroyJavaVM" [_thread_blocked, id=27488, stack(0x0000007173700000,0x0000007173800000)]
=>0x0000022c794ffca0 JavaThread "Thread-1" [_thread_in_native, id=20256, stack(0x0000007174d00000,0x0000007174e00000)]

Other Threads:
  0x0000022c794b27a0 VMThread "VM Thread" [stack: 0x0000007173d00000,0x0000007173e00000] [id=21500]
  0x0000022c7d9ecb90 WatcherThread "VM Periodic Task Thread" [stack: 0x0000007174a00000,0x0000007174b00000] [id=13412]
  0x0000022c5633d560 WorkerThread "GC Thread#0" [stack: 0x0000007173800000,0x0000007173900000] [id=28588]
  0x0000022c5634f180 ConcurrentGCThread "G1 Main Marker" [stack: 0x0000007173900000,0x0000007173a00000] [id=21064]
  0x0000022c56350350 WorkerThread "G1 Conc#0" [stack: 0x0000007173a00000,0x0000007173b00000] [id=17360]
  0x0000022c5638e780 ConcurrentGCThread "G1 Refine#0" [stack: 0x0000007173b00000,0x0000007173c00000] [id=26240]
  0x0000022c793694b0 ConcurrentGCThread "G1 Service" [stack: 0x0000007173c00000,0x0000007173d00000] [id=25524]

Threads with active compile tasks:

VM state: not at safepoint (normal execution)

VM Mutex/Monitor currently owned by a thread: None

Heap address: 0x0000000704e00000, size: 4018 MB, Compressed Oops mode: Zero based, Oop shift amount: 3

CDS archive(s) mapped at: [0x0000000800000000-0x0000000800c30000-0x0000000800c30000), size 12779520, SharedBaseAddress: 0x0000000800000000, ArchiveRelocationMode: 0.
Compressed class space mapped at: 0x0000000801000000-0x0000000841000000, reserved size: 1073741824
Narrow klass base: 0x0000000800000000, Narrow klass shift: 0, Narrow klass range: 0x100000000

GC Precious Log:
 CardTable entry size: 512
 Card Set container configuration: InlinePtr #cards 4 size 8 Array Of Cards #cards 16 size 48 Howl #buckets 8 coarsen threshold 3686 Howl Bitmap #cards 512 size 80 coarsen threshold 460 Card regions per heap region 1 cards per card region 4096
 CPUs: 8 total, 8 available
 Memory: 16069M
 Large Page Support: Disabled
 NUMA Support: Disabled
 Compressed Oops: Enabled (Zero based)
 Heap Region Size: 2M
 Heap Min Capacity: 8M
 Heap Initial Capacity: 252M
 Heap Max Capacity: 4018M
 Pre-touch: Disabled
 Parallel Workers: 8
 Concurrent Workers: 2
 Concurrent Refinement Workers: 8
 Periodic GC: Disabled

Heap:
 garbage-first heap   total 258048K, used 12288K [0x0000000704e00000, 0x0000000800000000)
  region size 2048K, 8 young (16384K), 0 survivors (0K)
 Metaspace       used 5532K, committed 5760K, reserved 1114112K
  class space    used 523K, committed 640K, reserved 1048576K

Heap Regions: E=young(eden), S=young(survivor), O=old, HS=humongous(starts), HC=humongous(continues), CS=collection set, F=free, OA=open archive, CA=closed archive, TAMS=top-at-mark-start (previous, next)
|   0|0x0000000704e00000, 0x0000000704e00000, 0x0000000705000000|  0%| F|  |TAMS 0x0000000704e00000, 0x0000000704e00000| Untracked 
|   1|0x0000000705000000, 0x0000000705000000, 0x0000000705200000|  0%| F|  |TAMS 0x0000000705000000, 0x0000000705000000| Untracked 
|   2|0x0000000705200000, 0x0000000705200000, 0x0000000705400000|  0%| F|  |TAMS 0x0000000705200000, 0x0000000705200000| Untracked 
|   3|0x0000000705400000, 0x0000000705400000, 0x0000000705600000|  0%| F|  |TAMS 0x0000000705400000, 0x0000000705400000| Untracked 
|   4|0x0000000705600000, 0x0000000705600000, 0x0000000705800000|  0%| F|  |TAMS 0x0000000705600000, 0x0000000705600000| Untracked 
|   5|0x0000000705800000, 0x0000000705800000, 0x0000000705a00000|  0%| F|  |TAMS 0x0000000705800000, 0x0000000705800000| Untracked 
|   6|0x0000000705a00000, 0x0000000705a00000, 0x0000000705c00000|  0%| F|  |TAMS 0x0000000705a00000, 0x0000000705a00000| Untracked 
|   7|0x0000000705c00000, 0x0000000705c00000, 0x0000000705e00000|  0%| F|  |TAMS 0x0000000705c00000, 0x0000000705c00000| Untracked 
|   8|0x0000000705e00000, 0x0000000705e00000, 0x0000000706000000|  0%| F|  |TAMS 0x0000000705e00000, 0x0000000705e00000| Untracked 
|   9|0x0000000706000000, 0x0000000706000000, 0x0000000706200000|  0%| F|  |TAMS 0x0000000706000000, 0x0000000706000000| Untracked 
|  10|0x0000000706200000, 0x0000000706200000, 0x0000000706400000|  0%| F|  |TAMS 0x0000000706200000, 0x0000000706200000| Untracked 
|  11|0x0000000706400000, 0x0000000706400000, 0x0000000706600000|  0%| F|  |TAMS 0x0000000706400000, 0x0000000706400000| Untracked 
|  12|0x0000000706600000, 0x0000000706600000, 0x0000000706800000|  0%| F|  |TAMS 0x0000000706600000, 0x0000000706600000| Untracked 
|  13|0x0000000706800000, 0x0000000706800000, 0x0000000706a00000|  0%| F|  |TAMS 0x0000000706800000, 0x0000000706800000| Untracked 
|  14|0x0000000706a00000, 0x0000000706a00000, 0x0000000706c00000|  0%| F|  |TAMS 0x0000000706a00000, 0x0000000706a00000| Untracked 
|  15|0x0000000706c00000, 0x0000000706c00000, 0x0000000706e00000|  0%| F|  |TAMS 0x0000000706c00000, 0x0000000706c00000| Untracked 
|  16|0x0000000706e00000, 0x0000000706e00000, 0x0000000707000000|  0%| F|  |TAMS 0x0000000706e00000, 0x0000000706e00000| Untracked 
|  17|0x0000000707000000, 0x0000000707000000, 0x0000000707200000|  0%| F|  |TAMS 0x0000000707000000, 0x0000000707000000| Untracked 
|  18|0x0000000707200000, 0x0000000707200000, 0x0000000707400000|  0%| F|  |TAMS 0x0000000707200000, 0x0000000707200000| Untracked 
|  19|0x0000000707400000, 0x0000000707400000, 0x0000000707600000|  0%| F|  |TAMS 0x0000000707400000, 0x0000000707400000| Untracked 
|  20|0x0000000707600000, 0x0000000707600000, 0x0000000707800000|  0%| F|  |TAMS 0x0000000707600000, 0x0000000707600000| Untracked 
|  21|0x0000000707800000, 0x0000000707800000, 0x0000000707a00000|  0%| F|  |TAMS 0x0000000707800000, 0x0000000707800000| Untracked 
|  22|0x0000000707a00000, 0x0000000707a00000, 0x0000000707c00000|  0%| F|  |TAMS 0x0000000707a00000, 0x0000000707a00000| Untracked 
|  23|0x0000000707c00000, 0x0000000707c00000, 0x0000000707e00000|  0%| F|  |TAMS 0x0000000707c00000, 0x0000000707c00000| Untracked 
|  24|0x0000000707e00000, 0x0000000707e00000, 0x0000000708000000|  0%| F|  |TAMS 0x0000000707e00000, 0x0000000707e00000| Untracked 
|  25|0x0000000708000000, 0x0000000708000000, 0x0000000708200000|  0%| F|  |TAMS 0x0000000708000000, 0x0000000708000000| Untracked 
|  26|0x0000000708200000, 0x0000000708200000, 0x0000000708400000|  0%| F|  |TAMS 0x0000000708200000, 0x0000000708200000| Untracked 
|  27|0x0000000708400000, 0x0000000708400000, 0x0000000708600000|  0%| F|  |TAMS 0x0000000708400000, 0x0000000708400000| Untracked 
|  28|0x0000000708600000, 0x0000000708600000, 0x0000000708800000|  0%| F|  |TAMS 0x0000000708600000, 0x0000000708600000| Untracked 
|  29|0x0000000708800000, 0x0000000708800000, 0x0000000708a00000|  0%| F|  |TAMS 0x0000000708800000, 0x0000000708800000| Untracked 
|  30|0x0000000708a00000, 0x0000000708a00000, 0x0000000708c00000|  0%| F|  |TAMS 0x0000000708a00000, 0x0000000708a00000| Untracked 
|  31|0x0000000708c00000, 0x0000000708c00000, 0x0000000708e00000|  0%| F|  |TAMS 0x0000000708c00000, 0x0000000708c00000| Untracked 
|  32|0x0000000708e00000, 0x0000000708e00000, 0x0000000709000000|  0%| F|  |TAMS 0x0000000708e00000, 0x0000000708e00000| Untracked 
|  33|0x0000000709000000, 0x0000000709000000, 0x0000000709200000|  0%| F|  |TAMS 0x0000000709000000, 0x0000000709000000| Untracked 
|  34|0x0000000709200000, 0x0000000709200000, 0x0000000709400000|  0%| F|  |TAMS 0x0000000709200000, 0x0000000709200000| Untracked 
|  35|0x0000000709400000, 0x0000000709400000, 0x0000000709600000|  0%| F|  |TAMS 0x0000000709400000, 0x0000000709400000| Untracked 
|  36|0x0000000709600000, 0x0000000709600000, 0x0000000709800000|  0%| F|  |TAMS 0x0000000709600000, 0x0000000709600000| Untracked 
|  37|0x0000000709800000, 0x0000000709800000, 0x0000000709a00000|  0%| F|  |TAMS 0x0000000709800000, 0x0000000709800000| Untracked 
|  38|0x0000000709a00000, 0x0000000709a00000, 0x0000000709c00000|  0%| F|  |TAMS 0x0000000709a00000, 0x0000000709a00000| Untracked 
|  39|0x0000000709c00000, 0x0000000709c00000, 0x0000000709e00000|  0%| F|  |TAMS 0x0000000709c00000, 0x0000000709c00000| Untracked 
|  40|0x0000000709e00000, 0x0000000709e00000, 0x000000070a000000|  0%| F|  |TAMS 0x0000000709e00000, 0x0000000709e00000| Untracked 
|  41|0x000000070a000000, 0x000000070a000000, 0x000000070a200000|  0%| F|  |TAMS 0x000000070a000000, 0x000000070a000000| Untracked 
|  42|0x000000070a200000, 0x000000070a200000, 0x000000070a400000|  0%| F|  |TAMS 0x000000070a200000, 0x000000070a200000| Untracked 
|  43|0x000000070a400000, 0x000000070a400000, 0x000000070a600000|  0%| F|  |TAMS 0x000000070a400000, 0x000000070a400000| Untracked 
|  44|0x000000070a600000, 0x000000070a600000, 0x000000070a800000|  0%| F|  |TAMS 0x000000070a600000, 0x000000070a600000| Untracked 
|  45|0x000000070a800000, 0x000000070a800000, 0x000000070aa00000|  0%| F|  |TAMS 0x000000070a800000, 0x000000070a800000| Untracked 
|  46|0x000000070aa00000, 0x000000070aa00000, 0x000000070ac00000|  0%| F|  |TAMS 0x000000070aa00000, 0x000000070aa00000| Untracked 
|  47|0x000000070ac00000, 0x000000070ac00000, 0x000000070ae00000|  0%| F|  |TAMS 0x000000070ac00000, 0x000000070ac00000| Untracked 
|  48|0x000000070ae00000, 0x000000070ae00000, 0x000000070b000000|  0%| F|  |TAMS 0x000000070ae00000, 0x000000070ae00000| Untracked 
|  49|0x000000070b000000, 0x000000070b000000, 0x000000070b200000|  0%| F|  |TAMS 0x000000070b000000, 0x000000070b000000| Untracked 
|  50|0x000000070b200000, 0x000000070b200000, 0x000000070b400000|  0%| F|  |TAMS 0x000000070b200000, 0x000000070b200000| Untracked 
|  51|0x000000070b400000, 0x000000070b400000, 0x000000070b600000|  0%| F|  |TAMS 0x000000070b400000, 0x000000070b400000| Untracked 
|  52|0x000000070b600000, 0x000000070b600000, 0x000000070b800000|  0%| F|  |TAMS 0x000000070b600000, 0x000000070b600000| Untracked 
|  53|0x000000070b800000, 0x000000070b800000, 0x000000070ba00000|  0%| F|  |TAMS 0x000000070b800000, 0x000000070b800000| Untracked 
|  54|0x000000070ba00000, 0x000000070ba00000, 0x000000070bc00000|  0%| F|  |TAMS 0x000000070ba00000, 0x000000070ba00000| Untracked 
|  55|0x000000070bc00000, 0x000000070bc00000, 0x000000070be00000|  0%| F|  |TAMS 0x000000070bc00000, 0x000000070bc00000| Untracked 
|  56|0x000000070be00000, 0x000000070be00000, 0x000000070c000000|  0%| F|  |TAMS 0x000000070be00000, 0x000000070be00000| Untracked 
|  57|0x000000070c000000, 0x000000070c000000, 0x000000070c200000|  0%| F|  |TAMS 0x000000070c000000, 0x000000070c000000| Untracked 
|  58|0x000000070c200000, 0x000000070c200000, 0x000000070c400000|  0%| F|  |TAMS 0x000000070c200000, 0x000000070c200000| Untracked 
|  59|0x000000070c400000, 0x000000070c400000, 0x000000070c600000|  0%| F|  |TAMS 0x000000070c400000, 0x000000070c400000| Untracked 
|  60|0x000000070c600000, 0x000000070c600000, 0x000000070c800000|  0%| F|  |TAMS 0x000000070c600000, 0x000000070c600000| Untracked 
|  61|0x000000070c800000, 0x000000070c800000, 0x000000070ca00000|  0%| F|  |TAMS 0x000000070c800000, 0x000000070c800000| Untracked 
|  62|0x000000070ca00000, 0x000000070ca00000, 0x000000070cc00000|  0%| F|  |TAMS 0x000000070ca00000, 0x000000070ca00000| Untracked 
|  63|0x000000070cc00000, 0x000000070cc00000, 0x000000070ce00000|  0%| F|  |TAMS 0x000000070cc00000, 0x000000070cc00000| Untracked 
|  64|0x000000070ce00000, 0x000000070ce00000, 0x000000070d000000|  0%| F|  |TAMS 0x000000070ce00000, 0x000000070ce00000| Untracked 
|  65|0x000000070d000000, 0x000000070d000000, 0x000000070d200000|  0%| F|  |TAMS 0x000000070d000000, 0x000000070d000000| Untracked 
|  66|0x000000070d200000, 0x000000070d200000, 0x000000070d400000|  0%| F|  |TAMS 0x000000070d200000, 0x000000070d200000| Untracked 
|  67|0x000000070d400000, 0x000000070d400000, 0x000000070d600000|  0%| F|  |TAMS 0x000000070d400000, 0x000000070d400000| Untracked 
|  68|0x000000070d600000, 0x000000070d600000, 0x000000070d800000|  0%| F|  |TAMS 0x000000070d600000, 0x000000070d600000| Untracked 
|  69|0x000000070d800000, 0x000000070d800000, 0x000000070da00000|  0%| F|  |TAMS 0x000000070d800000, 0x000000070d800000| Untracked 
|  70|0x000000070da00000, 0x000000070da00000, 0x000000070dc00000|  0%| F|  |TAMS 0x000000070da00000, 0x000000070da00000| Untracked 
|  71|0x000000070dc00000, 0x000000070dc00000, 0x000000070de00000|  0%| F|  |TAMS 0x000000070dc00000, 0x000000070dc00000| Untracked 
|  72|0x000000070de00000, 0x000000070de00000, 0x000000070e000000|  0%| F|  |TAMS 0x000000070de00000, 0x000000070de00000| Untracked 
|  73|0x000000070e000000, 0x000000070e000000, 0x000000070e200000|  0%| F|  |TAMS 0x000000070e000000, 0x000000070e000000| Untracked 
|  74|0x000000070e200000, 0x000000070e200000, 0x000000070e400000|  0%| F|  |TAMS 0x000000070e200000, 0x000000070e200000| Untracked 
|  75|0x000000070e400000, 0x000000070e400000, 0x000000070e600000|  0%| F|  |TAMS 0x000000070e400000, 0x000000070e400000| Untracked 
|  76|0x000000070e600000, 0x000000070e600000, 0x000000070e800000|  0%| F|  |TAMS 0x000000070e600000, 0x000000070e600000| Untracked 
|  77|0x000000070e800000, 0x000000070e800000, 0x000000070ea00000|  0%| F|  |TAMS 0x000000070e800000, 0x000000070e800000| Untracked 
|  78|0x000000070ea00000, 0x000000070ea00000, 0x000000070ec00000|  0%| F|  |TAMS 0x000000070ea00000, 0x000000070ea00000| Untracked 
|  79|0x000000070ec00000, 0x000000070ec00000, 0x000000070ee00000|  0%| F|  |TAMS 0x000000070ec00000, 0x000000070ec00000| Untracked 
|  80|0x000000070ee00000, 0x000000070ee00000, 0x000000070f000000|  0%| F|  |TAMS 0x000000070ee00000, 0x000000070ee00000| Untracked 
|  81|0x000000070f000000, 0x000000070f000000, 0x000000070f200000|  0%| F|  |TAMS 0x000000070f000000, 0x000000070f000000| Untracked 
|  82|0x000000070f200000, 0x000000070f200000, 0x000000070f400000|  0%| F|  |TAMS 0x000000070f200000, 0x000000070f200000| Untracked 
|  83|0x000000070f400000, 0x000000070f400000, 0x000000070f600000|  0%| F|  |TAMS 0x000000070f400000, 0x000000070f400000| Untracked 
|  84|0x000000070f600000, 0x000000070f600000, 0x000000070f800000|  0%| F|  |TAMS 0x000000070f600000, 0x000000070f600000| Untracked 
|  85|0x000000070f800000, 0x000000070f800000, 0x000000070fa00000|  0%| F|  |TAMS 0x000000070f800000, 0x000000070f800000| Untracked 
|  86|0x000000070fa00000, 0x000000070fa00000, 0x000000070fc00000|  0%| F|  |TAMS 0x000000070fa00000, 0x000000070fa00000| Untracked 
|  87|0x000000070fc00000, 0x000000070fc00000, 0x000000070fe00000|  0%| F|  |TAMS 0x000000070fc00000, 0x000000070fc00000| Untracked 
|  88|0x000000070fe00000, 0x000000070fe00000, 0x0000000710000000|  0%| F|  |TAMS 0x000000070fe00000, 0x000000070fe00000| Untracked 
|  89|0x0000000710000000, 0x0000000710000000, 0x0000000710200000|  0%| F|  |TAMS 0x0000000710000000, 0x0000000710000000| Untracked 
|  90|0x0000000710200000, 0x0000000710200000, 0x0000000710400000|  0%| F|  |TAMS 0x0000000710200000, 0x0000000710200000| Untracked 
|  91|0x0000000710400000, 0x0000000710400000, 0x0000000710600000|  0%| F|  |TAMS 0x0000000710400000, 0x0000000710400000| Untracked 
|  92|0x0000000710600000, 0x0000000710600000, 0x0000000710800000|  0%| F|  |TAMS 0x0000000710600000, 0x0000000710600000| Untracked 
|  93|0x0000000710800000, 0x0000000710800000, 0x0000000710a00000|  0%| F|  |TAMS 0x0000000710800000, 0x0000000710800000| Untracked 
|  94|0x0000000710a00000, 0x0000000710a00000, 0x0000000710c00000|  0%| F|  |TAMS 0x0000000710a00000, 0x0000000710a00000| Untracked 
|  95|0x0000000710c00000, 0x0000000710c00000, 0x0000000710e00000|  0%| F|  |TAMS 0x0000000710c00000, 0x0000000710c00000| Untracked 
|  96|0x0000000710e00000, 0x0000000710e00000, 0x0000000711000000|  0%| F|  |TAMS 0x0000000710e00000, 0x0000000710e00000| Untracked 
|  97|0x0000000711000000, 0x0000000711000000, 0x0000000711200000|  0%| F|  |TAMS 0x0000000711000000, 0x0000000711000000| Untracked 
|  98|0x0000000711200000, 0x0000000711200000, 0x0000000711400000|  0%| F|  |TAMS 0x0000000711200000, 0x0000000711200000| Untracked 
|  99|0x0000000711400000, 0x0000000711400000, 0x0000000711600000|  0%| F|  |TAMS 0x0000000711400000, 0x0000000711400000| Untracked 
| 100|0x0000000711600000, 0x0000000711600000, 0x0000000711800000|  0%| F|  |TAMS 0x0000000711600000, 0x0000000711600000| Untracked 
| 101|0x0000000711800000, 0x0000000711800000, 0x0000000711a00000|  0%| F|  |TAMS 0x0000000711800000, 0x0000000711800000| Untracked 
| 102|0x0000000711a00000, 0x0000000711a00000, 0x0000000711c00000|  0%| F|  |TAMS 0x0000000711a00000, 0x0000000711a00000| Untracked 
| 103|0x0000000711c00000, 0x0000000711c00000, 0x0000000711e00000|  0%| F|  |TAMS 0x0000000711c00000, 0x0000000711c00000| Untracked 
| 104|0x0000000711e00000, 0x0000000711e00000, 0x0000000712000000|  0%| F|  |TAMS 0x0000000711e00000, 0x0000000711e00000| Untracked 
| 105|0x0000000712000000, 0x0000000712000000, 0x0000000712200000|  0%| F|  |TAMS 0x0000000712000000, 0x0000000712000000| Untracked 
| 106|0x0000000712200000, 0x0000000712200000, 0x0000000712400000|  0%| F|  |TAMS 0x0000000712200000, 0x0000000712200000| Untracked 
| 107|0x0000000712400000, 0x0000000712400000, 0x0000000712600000|  0%| F|  |TAMS 0x0000000712400000, 0x0000000712400000| Untracked 
| 108|0x0000000712600000, 0x0000000712600000, 0x0000000712800000|  0%| F|  |TAMS 0x0000000712600000, 0x0000000712600000| Untracked 
| 109|0x0000000712800000, 0x0000000712800000, 0x0000000712a00000|  0%| F|  |TAMS 0x0000000712800000, 0x0000000712800000| Untracked 
| 110|0x0000000712a00000, 0x0000000712a00000, 0x0000000712c00000|  0%| F|  |TAMS 0x0000000712a00000, 0x0000000712a00000| Untracked 
| 111|0x0000000712c00000, 0x0000000712c00000, 0x0000000712e00000|  0%| F|  |TAMS 0x0000000712c00000, 0x0000000712c00000| Untracked 
| 112|0x0000000712e00000, 0x0000000712e00000, 0x0000000713000000|  0%| F|  |TAMS 0x0000000712e00000, 0x0000000712e00000| Untracked 
| 113|0x0000000713000000, 0x0000000713000000, 0x0000000713200000|  0%| F|  |TAMS 0x0000000713000000, 0x0000000713000000| Untracked 
| 114|0x0000000713200000, 0x0000000713200000, 0x0000000713400000|  0%| F|  |TAMS 0x0000000713200000, 0x0000000713200000| Untracked 
| 115|0x0000000713400000, 0x0000000713400000, 0x0000000713600000|  0%| F|  |TAMS 0x0000000713400000, 0x0000000713400000| Untracked 
| 116|0x0000000713600000, 0x0000000713600000, 0x0000000713800000|  0%| F|  |TAMS 0x0000000713600000, 0x0000000713600000| Untracked 
| 117|0x0000000713800000, 0x0000000713800000, 0x0000000713a00000|  0%| F|  |TAMS 0x0000000713800000, 0x0000000713800000| Untracked 
| 118|0x0000000713a00000, 0x0000000713a00800, 0x0000000713c00000|  0%| E|  |TAMS 0x0000000713a00000, 0x0000000713a00000| Complete 
| 119|0x0000000713c00000, 0x0000000713e00000, 0x0000000713e00000|100%| E|CS|TAMS 0x0000000713c00000, 0x0000000713c00000| Complete 
| 120|0x0000000713e00000, 0x0000000714000000, 0x0000000714000000|100%| E|CS|TAMS 0x0000000713e00000, 0x0000000713e00000| Complete 
| 121|0x0000000714000000, 0x0000000714200000, 0x0000000714200000|100%| E|CS|TAMS 0x0000000714000000, 0x0000000714000000| Complete 
| 122|0x0000000714200000, 0x0000000714400000, 0x0000000714400000|100%| E|  |TAMS 0x0000000714200000, 0x0000000714200000| Complete 
| 123|0x0000000714400000, 0x0000000714600000, 0x0000000714600000|100%| E|CS|TAMS 0x0000000714400000, 0x0000000714400000| Complete 
| 124|0x0000000714600000, 0x0000000714800000, 0x0000000714800000|100%| E|CS|TAMS 0x0000000714600000, 0x0000000714600000| Complete 
| 125|0x0000000714800000, 0x0000000714a00000, 0x0000000714a00000|100%| E|CS|TAMS 0x0000000714800000, 0x0000000714800000| Complete 

Card table byte_map: [0x0000022c6dd30000,0x0000022c6e510000] _byte_map_base: 0x0000022c6a509000

Marking Bits (Prev, Next): (CMBitMap*) 0x0000022c5633eba0, (CMBitMap*) 0x0000022c5633ebe0
 Prev Bits: [0x0000022c6ecf0000, 0x0000022c72bb8000)
 Next Bits: [0x0000022c72bc0000, 0x0000022c76a88000)

Polling page: 0x0000022c540c0000

Metaspace:

Usage:
  Non-class:      4.89 MB used.
      Class:    523.54 KB used.
       Both:      5.40 MB used.

Virtual space:
  Non-class space:       64.00 MB reserved,       5.00 MB (  8%) committed,  1 nodes.
      Class space:        1.00 GB reserved,     640.00 KB ( <1%) committed,  1 nodes.
             Both:        1.06 GB reserved,       5.62 MB ( <1%) committed. 

Chunk freelists:
   Non-Class:  1.61 MB
       Class:  3.44 MB
        Both:  5.05 MB

MaxMetaspaceSize: unlimited
CompressedClassSpaceSize: 1.00 GB
Initial GC threshold: 21.00 MB
Current GC threshold: 21.00 MB
CDS: on
MetaspaceReclaimPolicy: balanced
 - commit_granule_bytes: 65536.
 - commit_granule_words: 8192.
 - virtual_space_node_default_size: 8388608.
 - enlarge_chunks_in_place: 1.
 - new_chunks_are_fully_committed: 0.
 - uncommit_free_chunks: 1.
 - use_allocation_guard: 0.


Internal statistics:

num_allocs_failed_limit: 0.
num_arena_births: 58.
num_arena_deaths: 0.
num_vsnodes_births: 2.
num_vsnodes_deaths: 0.
num_space_committed: 90.
num_space_uncommitted: 0.
num_chunks_returned_to_freelist: 0.
num_chunks_taken_from_freelist: 178.
num_chunk_merges: 0.
num_chunk_splits: 121.
num_chunks_enlarged: 95.
num_inconsistent_stats: 0.

CodeHeap 'non-profiled nmethods': size=120000Kb used=294Kb max_used=294Kb free=119705Kb
 bounds [0x0000022c65cf0000, 0x0000022c65f60000, 0x0000022c6d220000]
CodeHeap 'profiled nmethods': size=120000Kb used=1462Kb max_used=1462Kb free=118537Kb
 bounds [0x0000022c5e220000, 0x0000022c5e490000, 0x0000022c65750000]
CodeHeap 'non-nmethods': size=5760Kb used=1283Kb max_used=1299Kb free=4476Kb
 bounds [0x0000022c65750000, 0x0000022c659c0000, 0x0000022c65cf0000]
 total_blobs=1371 nmethods=884 adapters=398
 compilation: enabled
              stopped_count=0, restarted_count=0
 full_count=0

Compilation events (20 events):
Event: 1.184 Thread 0x0000022c794eb730  874       3       jdk.internal.org.objectweb.asm.Label::<init> (5 bytes)
Event: 1.185 Thread 0x0000022c794eb730 nmethod 874 0x0000022c5e389f10 code [0x0000022c5e38a0c0, 0x0000022c5e38a218]
Event: 1.187 Thread 0x0000022c794eb730  875       3       java.util.ArrayList::iterator (9 bytes)
Event: 1.187 Thread 0x0000022c794eb730 nmethod 875 0x0000022c5e38a310 code [0x0000022c5e38a4c0, 0x0000022c5e38a758]
Event: 1.187 Thread 0x0000022c794eb730  877       3       java.util.concurrent.locks.ReentrantLock$Sync::tryRelease (51 bytes)
Event: 1.187 Thread 0x0000022c794eb730 nmethod 877 0x0000022c5e38a890 code [0x0000022c5e38aa60, 0x0000022c5e38adc8]
Event: 1.187 Thread 0x0000022c794eb730  876       3       java.util.ArrayList$Itr::<init> (26 bytes)
Event: 1.187 Thread 0x0000022c794eb730 nmethod 876 0x0000022c5e38ae90 code [0x0000022c5e38b040, 0x0000022c5e38b218]
Event: 5.780 Thread 0x0000022c794eb730  878       3       java.lang.String::substring (10 bytes)
Event: 5.781 Thread 0x0000022c794eb730 nmethod 878 0x0000022c5e38b310 code [0x0000022c5e38b4c0, 0x0000022c5e38b708]
Event: 5.781 Thread 0x0000022c794eb730  880       3       java.lang.String::regionMatches (189 bytes)
Event: 5.782 Thread 0x0000022c794e4d80  883       4       java.lang.String::substring (58 bytes)
Event: 5.782 Thread 0x0000022c794eb730 nmethod 880 0x0000022c5e38b810 code [0x0000022c5e38ba60, 0x0000022c5e38c738]
Event: 5.782 Thread 0x0000022c794eb730  881  s    3       java.lang.StringBuffer::append (13 bytes)
Event: 5.782 Thread 0x0000022c794eb730 nmethod 881 0x0000022c5e38cb90 code [0x0000022c5e38cd40, 0x0000022c5e38cf68]
Event: 5.782 Thread 0x0000022c794eb730  882  s    3       java.lang.StringBuffer::append (13 bytes)
Event: 5.783 Thread 0x0000022c794eb730 nmethod 882 0x0000022c5e38d010 code [0x0000022c5e38d1c0, 0x0000022c5e38d3e8]
Event: 5.783 Thread 0x0000022c794eb730  879       3       java.lang.String::toUpperCase (8 bytes)
Event: 5.783 Thread 0x0000022c794eb730 nmethod 879 0x0000022c5e38d490 code [0x0000022c5e38d680, 0x0000022c5e38da18]
Event: 5.786 Thread 0x0000022c794e4d80 nmethod 883 0x0000022c65d38990 code [0x0000022c65d38b40, 0x0000022c65d390b8]

GC Heap History (0 events):
No events

Dll operation events (12 events):
Event: 0.008 Loaded shared library C:\Users\Gfried\.jdks\openjdk-19.0.1\bin\java.dll
Event: 0.020 Loaded shared library C:\Users\Gfried\.jdks\openjdk-19.0.1\bin\jsvml.dll
Event: 0.093 Loaded shared library C:\Users\Gfried\.jdks\openjdk-19.0.1\bin\zip.dll
Event: 0.097 Loaded shared library C:\Users\Gfried\.jdks\openjdk-19.0.1\bin\instrument.dll
Event: 0.105 Loaded shared library C:\Users\Gfried\.jdks\openjdk-19.0.1\bin\net.dll
Event: 0.109 Loaded shared library C:\Users\Gfried\.jdks\openjdk-19.0.1\bin\nio.dll
Event: 0.116 Loaded shared library C:\Users\Gfried\.jdks\openjdk-19.0.1\bin\zip.dll
Event: 0.134 Loaded shared library C:\Users\Gfried\AppData\Local\JetBrains\Toolbox\apps\IDEA-U\ch-0\223.8214.52\bin\breakgen64.dll
Event: 0.145 Loaded shared library C:\Users\Gfried\.jdks\openjdk-19.0.1\bin\extnet.dll
Event: 0.148 Loaded shared library C:\Users\Gfried\.jdks\openjdk-19.0.1\bin\jimage.dll
Event: 0.152 Loaded shared library C:\Users\Gfried\.jdks\openjdk-19.0.1\bin\verify.dll
Event: 0.541 Loaded shared library C:\Windows\System32\rxtxSerial.dll

Deoptimization events (20 events):
Event: 0.328 Thread 0x0000022c562ce120 DEOPT PACKING pc=0x0000022c5e27fee5 sp=0x00000071737face0
Event: 0.328 Thread 0x0000022c562ce120 DEOPT UNPACKING pc=0x0000022c657bb0e3 sp=0x00000071737fa158 mode 0
Event: 0.362 Thread 0x0000022c562ce120 DEOPT PACKING pc=0x0000022c5e29fa89 sp=0x00000071737fd3a0
Event: 0.362 Thread 0x0000022c562ce120 DEOPT UNPACKING pc=0x0000022c657bb0e3 sp=0x00000071737fc898 mode 0
Event: 0.475 Thread 0x0000022c562ce120 Uncommon trap: trap_request=0xffffff45 fr.pc=0x0000022c65d1a850 relative=0x0000000000000230
Event: 0.475 Thread 0x0000022c562ce120 Uncommon trap: reason=unstable_if action=reinterpret pc=0x0000022c65d1a850 method=java.lang.String.startsWith(Ljava/lang/String;I)Z @ 1 c2
Event: 0.475 Thread 0x0000022c562ce120 DEOPT PACKING pc=0x0000022c65d1a850 sp=0x00000071737fdef0
Event: 0.475 Thread 0x0000022c562ce120 DEOPT UNPACKING pc=0x0000022c657ba5a3 sp=0x00000071737fde58 mode 2
Event: 0.523 Thread 0x0000022c562ce120 Uncommon trap: trap_request=0xffffff45 fr.pc=0x0000022c65d2ad64 relative=0x0000000000000144
Event: 0.523 Thread 0x0000022c562ce120 Uncommon trap: reason=unstable_if action=reinterpret pc=0x0000022c65d2ad64 method=java.util.concurrent.locks.ReentrantLock$NonfairSync.initialTryLock()Z @ 10 c2
Event: 0.523 Thread 0x0000022c562ce120 DEOPT PACKING pc=0x0000022c65d2ad64 sp=0x00000071737ff380
Event: 0.523 Thread 0x0000022c562ce120 DEOPT UNPACKING pc=0x0000022c657ba5a3 sp=0x00000071737ff328 mode 2
Event: 0.542 Thread 0x0000022c562ce120 Uncommon trap: trap_request=0xffffff45 fr.pc=0x0000022c65d3186c relative=0x00000000000005ac
Event: 0.542 Thread 0x0000022c562ce120 Uncommon trap: reason=unstable_if action=reinterpret pc=0x0000022c65d3186c method=java.lang.AbstractStringBuilder.append(Ljava/lang/String;)Ljava/lang/AbstractStringBuilder; @ 1 c2
Event: 0.542 Thread 0x0000022c562ce120 DEOPT PACKING pc=0x0000022c65d3186c sp=0x00000071737fea10
Event: 0.542 Thread 0x0000022c562ce120 DEOPT UNPACKING pc=0x0000022c657ba5a3 sp=0x00000071737fe9f8 mode 2
Event: 1.185 Thread 0x0000022c794cd340 Uncommon trap: trap_request=0xffffff45 fr.pc=0x0000022c65d37b68 relative=0x00000000000000c8
Event: 1.185 Thread 0x0000022c794cd340 Uncommon trap: reason=unstable_if action=reinterpret pc=0x0000022c65d37b68 method=java.util.concurrent.locks.ReentrantLock$Sync.tryRelease(I)Z @ 26 c2
Event: 1.185 Thread 0x0000022c794cd340 DEOPT PACKING pc=0x0000022c65d37b68 sp=0x00000071741ff200
Event: 1.185 Thread 0x0000022c794cd340 DEOPT UNPACKING pc=0x0000022c657ba5a3 sp=0x00000071741ff1a0 mode 2

Classes loaded (20 events):
Event: 1.175 Loading class java/io/Externalizable done
Event: 1.175 Loading class java/time/zone/Ser done
Event: 1.175 Loading class java/time/zone/ZoneOffsetTransition
Event: 1.176 Loading class java/time/zone/ZoneOffsetTransition done
Event: 1.177 Loading class sun/util/cldr/CLDRBaseLocaleDataMetaInfo$TZCanonicalIDMapHolder
Event: 1.178 Loading class sun/util/cldr/CLDRBaseLocaleDataMetaInfo$TZCanonicalIDMapHolder done
Event: 1.180 Loading class sun/util/resources/TimeZoneNames
Event: 1.180 Loading class sun/util/resources/TimeZoneNames done
Event: 1.181 Loading class sun/util/resources/TimeZoneNames_en
Event: 1.181 Loading class sun/util/resources/TimeZoneNames_en done
Event: 5.783 Loading class java/util/TooManyListenersException
Event: 5.783 Loading class java/util/TooManyListenersException done
Event: 5.788 Loading class java/lang/Thread$ThreadNumbering
Event: 5.788 Loading class java/lang/Thread$ThreadNumbering done
Event: 5.788 Loading class jdk/internal/event/ThreadSleepEvent
Event: 5.788 Loading class jdk/internal/event/Event
Event: 5.788 Loading class jdk/internal/event/Event done
Event: 5.788 Loading class jdk/internal/event/ThreadSleepEvent done
Event: 10.927 Loading class java/util/EventObject
Event: 10.927 Loading class java/util/EventObject done

Classes unloaded (0 events):
No events

Classes redefined (0 events):
No events

Internal exceptions (11 events):
Event: 0.121 Thread 0x0000022c562ce120 Exception <a 'java/lang/NoSuchMethodError'{0x00000007146e5328}: 'void java.lang.invoke.DirectMethodHandle$Holder.invokeStatic(java.lang.Object, java.lang.Object, java.lang.Object)'> (0x00000007146e5328) 
thrown [s\open\src\hotspot\share\interpreter\linkResolver.cpp, line 774]
Event: 0.129 Thread 0x0000022c562ce120 Exception <a 'java/lang/NoSuchMethodError'{0x00000007146fd920}: 'java.lang.Object java.lang.invoke.Invokers$Holder.invokeExact_MT(java.lang.Object, java.lang.Object, java.lang.Object, java.lang.Object, java.lang.Object)'> (0x00000007146fd920) 
thrown [s\open\src\hotspot\share\interpreter\linkResolver.cpp, line 774]
Event: 0.147 Thread 0x0000022c79500c90 Exception <a 'java/lang/NoSuchMethodError'{0x0000000714759d88}: 'void java.lang.invoke.DirectMethodHandle$Holder.invokeStatic(java.lang.Object, java.lang.Object)'> (0x0000000714759d88) 
thrown [s\open\src\hotspot\share\interpreter\linkResolver.cpp, line 774]
Event: 0.207 Thread 0x0000022c562ce120 Exception <a 'java/lang/NoSuchMethodError'{0x00000007144a5f70}: 'java.lang.Object java.lang.invoke.DirectMethodHandle$Holder.invokeStaticInit(java.lang.Object)'> (0x00000007144a5f70) 
thrown [s\open\src\hotspot\share\interpreter\linkResolver.cpp, line 774]
Event: 0.214 Thread 0x0000022c562ce120 Exception <a 'java/lang/NoSuchMethodError'{0x00000007144d1000}: 'java.lang.Object java.lang.invoke.DirectMethodHandle$Holder.invokeInterface(java.lang.Object, java.lang.Object)'> (0x00000007144d1000) 
thrown [s\open\src\hotspot\share\interpreter\linkResolver.cpp, line 774]
Event: 0.244 Thread 0x0000022c562ce120 Exception <a 'java/lang/NoSuchMethodError'{0x000000071454dfb8}: 'void java.lang.invoke.DirectMethodHandle$Holder.invokeSpecial(java.lang.Object, java.lang.Object, java.lang.Object)'> (0x000000071454dfb8) 
thrown [s\open\src\hotspot\share\interpreter\linkResolver.cpp, line 774]
Event: 0.247 Thread 0x0000022c562ce120 Exception <a 'java/lang/NoSuchMethodError'{0x000000071455b260}: 'java.lang.Object java.lang.invoke.DirectMethodHandle$Holder.invokeVirtual(java.lang.Object, java.lang.Object, java.lang.Object)'> (0x000000071455b260) 
thrown [s\open\src\hotspot\share\interpreter\linkResolver.cpp, line 774]
Event: 0.542 Thread 0x0000022c562ce120 Implicit null exception at 0x0000022c65d312f2 to 0x0000022c65d31854
Event: 0.543 Thread 0x0000022c562ce120 Exception <a 'java/io/FileNotFoundException'{0x0000000713c42558}> (0x0000000713c42558) 
thrown [s\open\src\hotspot\share\prims\jni.cpp, line 517]
Event: 1.183 Thread 0x0000022c794cd340 Exception <a 'java/lang/NoSuchMethodError'{0x0000000713d339a0}: 'java.lang.Object java.lang.invoke.Invokers$Holder.invokeExact_MT(java.lang.Object, java.lang.Object, java.lang.Object, java.lang.Object, java.lang.Object, java.lang.Object)'> (0x0000000713d339a0) 
thrown [s\open\src\hotspot\share\interpreter\linkResolver.cpp, line 774]
Event: 5.781 Thread 0x0000022c562ce120 Exception <a 'java/io/FileNotFoundException'{0x0000000713c54240}> (0x0000000713c54240) 
thrown [s\open\src\hotspot\share\prims\jni.cpp, line 517]

VM Operations (18 events):
Event: 0.076 Executing VM operation: HandshakeAllThreads
Event: 0.077 Executing VM operation: HandshakeAllThreads done
Event: 0.137 Executing VM operation: HandshakeAllThreads
Event: 0.137 Executing VM operation: HandshakeAllThreads done
Event: 0.163 Executing VM operation: HandshakeAllThreads
Event: 0.163 Executing VM operation: HandshakeAllThreads done
Event: 0.190 Executing VM operation: HandshakeAllThreads
Event: 0.190 Executing VM operation: HandshakeAllThreads done
Event: 0.238 Executing VM operation: HandshakeAllThreads
Event: 0.238 Executing VM operation: HandshakeAllThreads done
Event: 1.184 Executing VM operation: HandshakeAllThreads
Event: 1.184 Executing VM operation: HandshakeAllThreads done
Event: 1.184 Executing VM operation: Cleanup
Event: 1.185 Executing VM operation: Cleanup done
Event: 5.237 Executing VM operation: Cleanup
Event: 5.237 Executing VM operation: Cleanup done
Event: 6.246 Executing VM operation: Cleanup
Event: 6.246 Executing VM operation: Cleanup done

Events (20 events):
Event: 0.038 Thread 0x0000022c794cd340 Thread added: 0x0000022c794cd340
Event: 0.038 Thread 0x0000022c794ce320 Thread added: 0x0000022c794ce320
Event: 0.038 Thread 0x0000022c794cfe40 Thread added: 0x0000022c794cfe40
Event: 0.038 Thread 0x0000022c794e4d80 Thread added: 0x0000022c794e4d80
Event: 0.038 Thread 0x0000022c794eb730 Thread added: 0x0000022c794eb730
Event: 0.039 Thread 0x0000022c794fe210 Thread added: 0x0000022c794fe210
Event: 0.067 Thread 0x0000022c794ff750 Thread added: 0x0000022c794ff750
Event: 0.134 Thread 0x0000022c79500c90 Thread added: 0x0000022c79500c90
Event: 0.135 Thread 0x0000022c794fecb0 Thread added: 0x0000022c794fecb0
Event: 0.166 Thread 0x0000022c795011e0 Thread added: 0x0000022c795011e0
Event: 0.233 Thread 0x0000022c7db02e80 Thread added: 0x0000022c7db02e80
Event: 1.155 Thread 0x0000022c7db02e80 Thread exited: 0x0000022c7db02e80
Event: 1.170 Thread 0x0000022c7dd68440 Thread added: 0x0000022c7dd68440
Event: 1.173 Thread 0x0000022c7e1ec050 Thread added: 0x0000022c7e1ec050
Event: 5.781 Thread 0x0000022c7e1ec050 Thread exited: 0x0000022c7e1ec050
Event: 5.781 Thread 0x0000022c7dd68440 Thread exited: 0x0000022c7dd68440
Event: 5.788 Thread 0x0000022c794fdcc0 Thread added: 0x0000022c794fdcc0
Event: 5.797 Thread 0x0000022c562ce120 Thread exited: 0x0000022c562ce120
Event: 5.797 Thread 0x0000022c794fe760 Thread added: 0x0000022c794fe760
Event: 10.927 Thread 0x0000022c794ffca0 Thread added: 0x0000022c794ffca0


Dynamic libraries:
0x00007ff631960000 - 0x00007ff63196e000 	C:\Users\Gfried\.jdks\openjdk-19.0.1\bin\java.exe
0x00007ffd5a010000 - 0x00007ffd5a208000 	C:\WINDOWS\SYSTEM32\ntdll.dll
0x00007ffd59ba0000 - 0x00007ffd59c5f000 	C:\WINDOWS\System32\KERNEL32.DLL
0x00007ffd57810000 - 0x00007ffd57ae2000 	C:\WINDOWS\System32\KERNELBASE.dll
0x00007ffd54b70000 - 0x00007ffd54c01000 	C:\WINDOWS\SYSTEM32\apphelp.dll
0x00007ffd57d30000 - 0x00007ffd57e30000 	C:\WINDOWS\System32\ucrtbase.dll
0x00007ffd2cf50000 - 0x00007ffd2cf67000 	C:\Users\Gfried\.jdks\openjdk-19.0.1\bin\jli.dll
0x00007ffd1f560000 - 0x00007ffd1f57b000 	C:\Users\Gfried\.jdks\openjdk-19.0.1\bin\VCRUNTIME140.dll
0x00007ffd59440000 - 0x00007ffd595e1000 	C:\WINDOWS\System32\USER32.dll
0x00007ffd57af0000 - 0x00007ffd57b12000 	C:\WINDOWS\System32\win32u.dll
0x00007ffd590e0000 - 0x00007ffd5910b000 	C:\WINDOWS\System32\GDI32.dll
0x00007ffd3e650000 - 0x00007ffd3e8ea000 	C:\WINDOWS\WinSxS\amd64_microsoft.windows.common-controls_6595b64144ccf1df_6.0.19041.1110_none_60b5254171f9507e\COMCTL32.dll
0x00007ffd57700000 - 0x00007ffd5780f000 	C:\WINDOWS\System32\gdi32full.dll
0x00007ffd58b00000 - 0x00007ffd58b9e000 	C:\WINDOWS\System32\msvcrt.dll
0x00007ffd57fb0000 - 0x00007ffd5804d000 	C:\WINDOWS\System32\msvcp_win.dll
0x00007ffd58c80000 - 0x00007ffd58cb2000 	C:\WINDOWS\System32\IMM32.DLL
0x00007ffd3c240000 - 0x00007ffd3c24c000 	C:\Users\Gfried\.jdks\openjdk-19.0.1\bin\vcruntime140_1.dll
0x00007ffd1f4d0000 - 0x00007ffd1f55e000 	C:\Users\Gfried\.jdks\openjdk-19.0.1\bin\msvcp140.dll
0x00007ffca9580000 - 0x00007ffcaa240000 	C:\Users\Gfried\.jdks\openjdk-19.0.1\bin\server\jvm.dll
0x00007ffd58a50000 - 0x00007ffd58afe000 	C:\WINDOWS\System32\ADVAPI32.dll
0x00007ffd59b00000 - 0x00007ffd59b9c000 	C:\WINDOWS\System32\sechost.dll
0x00007ffd59110000 - 0x00007ffd59235000 	C:\WINDOWS\System32\RPCRT4.dll
0x00007ffcf5fa0000 - 0x00007ffcf5fa9000 	C:\WINDOWS\SYSTEM32\WSOCK32.dll
0x00007ffd37180000 - 0x00007ffd371a7000 	C:\WINDOWS\SYSTEM32\WINMM.dll
0x00007ffd58d90000 - 0x00007ffd58dfb000 	C:\WINDOWS\System32\WS2_32.dll
0x00007ffd50a30000 - 0x00007ffd50a3a000 	C:\WINDOWS\SYSTEM32\VERSION.dll
0x00007ffd55f50000 - 0x00007ffd55f62000 	C:\WINDOWS\SYSTEM32\kernel.appcore.dll
0x00007ffd2d0d0000 - 0x00007ffd2d0da000 	C:\Users\Gfried\.jdks\openjdk-19.0.1\bin\jimage.dll
0x00007ffd554c0000 - 0x00007ffd556a4000 	C:\WINDOWS\SYSTEM32\DBGHELP.DLL
0x00007ffd3c620000 - 0x00007ffd3c655000 	C:\WINDOWS\SYSTEM32\dbgcore.DLL
0x00007ffd57ea0000 - 0x00007ffd57f22000 	C:\WINDOWS\System32\bcryptPrimitives.dll
0x00007ffd29cb0000 - 0x00007ffd29cbe000 	C:\Users\Gfried\.jdks\openjdk-19.0.1\bin\instrument.dll
0x00007ffd1f420000 - 0x00007ffd1f446000 	C:\Users\Gfried\.jdks\openjdk-19.0.1\bin\java.dll
0x00007ffd1c9c0000 - 0x00007ffd1ca97000 	C:\Users\Gfried\.jdks\openjdk-19.0.1\bin\jsvml.dll
0x00007ffd58050000 - 0x00007ffd58794000 	C:\WINDOWS\System32\SHELL32.dll
0x00007ffd557a0000 - 0x00007ffd55f32000 	C:\WINDOWS\SYSTEM32\windows.storage.dll
0x00007ffd59c60000 - 0x00007ffd59fb5000 	C:\WINDOWS\System32\combase.dll
0x00007ffd57080000 - 0x00007ffd570b0000 	C:\WINDOWS\SYSTEM32\Wldp.dll
0x00007ffd58cc0000 - 0x00007ffd58d6d000 	C:\WINDOWS\System32\SHCORE.dll
0x00007ffd58c20000 - 0x00007ffd58c75000 	C:\WINDOWS\System32\shlwapi.dll
0x00007ffd57640000 - 0x00007ffd5765f000 	C:\WINDOWS\SYSTEM32\profapi.dll
0x00007ffd1ec70000 - 0x00007ffd1ec88000 	C:\Users\Gfried\.jdks\openjdk-19.0.1\bin\zip.dll
0x00007ffd1ef20000 - 0x00007ffd1ef33000 	C:\Users\Gfried\.jdks\openjdk-19.0.1\bin\net.dll
0x00007ffd4d4d0000 - 0x00007ffd4d5dc000 	C:\WINDOWS\SYSTEM32\WINHTTP.dll
0x00007ffd56de0000 - 0x00007ffd56e4a000 	C:\WINDOWS\system32\mswsock.dll
0x00007ffd1ec50000 - 0x00007ffd1ec66000 	C:\Users\Gfried\.jdks\openjdk-19.0.1\bin\nio.dll
0x00007ffd1e7b0000 - 0x00007ffd1e7ca000 	C:\Users\Gfried\AppData\Local\JetBrains\Toolbox\apps\IDEA-U\ch-0\223.8214.52\bin\breakgen64.dll
0x00007ffd28d50000 - 0x00007ffd28d58000 	C:\Users\Gfried\.jdks\openjdk-19.0.1\bin\extnet.dll
0x00007ffd28c90000 - 0x00007ffd28ca0000 	C:\Users\Gfried\.jdks\openjdk-19.0.1\bin\verify.dll
0x00007ffd56b60000 - 0x00007ffd56c2a000 	C:\WINDOWS\SYSTEM32\DNSAPI.dll
0x00007ffd56ad0000 - 0x00007ffd56b0b000 	C:\WINDOWS\SYSTEM32\IPHLPAPI.DLL
0x00007ffd59fc0000 - 0x00007ffd59fc8000 	C:\WINDOWS\System32\NSI.dll
0x00007ffd49520000 - 0x00007ffd4952a000 	C:\Windows\System32\rasadhlp.dll
0x00007ffd49440000 - 0x00007ffd494c0000 	C:\WINDOWS\System32\fwpuclnt.dll
0x00007ffd57f30000 - 0x00007ffd57f57000 	C:\WINDOWS\System32\bcrypt.dll
0x0000000180000000 - 0x0000000180025000 	C:\Windows\System32\rxtxSerial.dll

dbghelp: loaded successfully - version: 4.0.5 - missing functions: none
symbol engine: initialized successfully - sym options: 0x614 - pdb path: .;C:\Users\Gfried\.jdks\openjdk-19.0.1\bin;C:\WINDOWS\SYSTEM32;C:\WINDOWS\WinSxS\amd64_microsoft.windows.common-controls_6595b64144ccf1df_6.0.19041.1110_none_60b5254171f9507e;C:\Users\Gfried\.jdks\openjdk-19.0.1\bin\server;C:\Users\Gfried\AppData\Local\JetBrains\Toolbox\apps\IDEA-U\ch-0\223.8214.52\bin

VM Arguments:
jvm_args: -javaagent:C:\Users\Gfried\AppData\Local\JetBrains\Toolbox\apps\IDEA-U\ch-0\223.8214.52\lib\idea_rt.jar=56275:C:\Users\Gfried\AppData\Local\JetBrains\Toolbox\apps\IDEA-U\ch-0\223.8214.52\bin -Dfile.encoding=UTF-8 -Dsun.stdout.encoding=UTF-8 -Dsun.stderr.encoding=UTF-8 
java_command: Main
java_class_path (initial): C:\Users\Gfried\IdeaProjects\data\out\production\data;C:\Users\Gfried\Downloads\mfz-rxtx-2.2-20081207-win-x64 (1)\mfz-rxtx-2.2-20081207-win-x64\RXTXcomm;C:\Program Files (x86)\MySQL\Connector J 8.0\mysql-connector-j-8.0.31.jar
Launcher Type: SUN_STANDARD

[Global flags]
     intx CICompilerCount                          = 4                                         {product} {ergonomic}
     uint ConcGCThreads                            = 2                                         {product} {ergonomic}
     uint G1ConcRefinementThreads                  = 8                                         {product} {ergonomic}
   size_t G1HeapRegionSize                         = 2097152                                   {product} {ergonomic}
    uintx GCDrainStackTargetSize                   = 64                                        {product} {ergonomic}
   size_t InitialHeapSize                          = 264241152                                 {product} {ergonomic}
   size_t MarkStackSize                            = 4194304                                   {product} {ergonomic}
   size_t MaxHeapSize                              = 4213178368                                {product} {ergonomic}
   size_t MaxNewSize                               = 2527068160                                {product} {ergonomic}
   size_t MinHeapDeltaBytes                        = 2097152                                   {product} {ergonomic}
   size_t MinHeapSize                              = 8388608                                   {product} {ergonomic}
    uintx NonNMethodCodeHeapSize                   = 5839372                                {pd product} {ergonomic}
    uintx NonProfiledCodeHeapSize                  = 122909434                              {pd product} {ergonomic}
    uintx ProfiledCodeHeapSize                     = 122909434                              {pd product} {ergonomic}
    uintx ReservedCodeCacheSize                    = 251658240                              {pd product} {ergonomic}
     bool SegmentedCodeCache                       = true                                      {product} {ergonomic}
   size_t SoftMaxHeapSize                          = 4213178368                             {manageable} {ergonomic}
     bool UseCompressedClassPointers               = true                           {product lp64_product} {ergonomic}
     bool UseCompressedOops                        = true                           {product lp64_product} {ergonomic}
     bool UseG1GC                                  = true                                      {product} {ergonomic}
     bool UseLargePagesIndividualAllocation        = false                                  {pd product} {ergonomic}

Logging:
Log output configuration:
 #0: stdout all=warning uptime,level,tags foldmultilines=false
 #1: stderr all=off uptime,level,tags foldmultilines=false

Environment Variables:
JAVA_HOME=C:\Program Files\Java\jdk-11.0.16.1
PATH=C:\Program Files\Common Files\Oracle\Java\javapath;C:\Program Files (x86)\Common Files\Oracle\Java\javapath;C:\Program Files (x86)\VMware\VMware Workstation\bin\;C:\WINDOWS\system32;C:\WINDOWS;C:\WINDOWS\System32\Wbem;C:\WINDOWS\System32\WindowsPowerShell\v1.0\;C:\WINDOWS\System32\OpenSSH\;C:\Program Files\Git\cmd;C:\Program Files\MySQL\MySQL Shell 8.0\bin\;C:\Users\Gfried\AppData\Local\Microsoft\WindowsApps;C:\Program Files\JetBrains\IntelliJ IDEA 2022.2.3\bin;C:\Users\Gfried\AppData\Local\JetBrains\Toolbox\scripts;E:\flutter_windows_3.3.3-stable\flutter\bin;C:\Users\Gfried\.jdks\openjdk-19.0.1
USERNAME=Gfried
OS=Windows_NT
PROCESSOR_IDENTIFIER=Intel64 Family 6 Model 126 Stepping 5, GenuineIntel
TMP=C:\Users\Gfried\AppData\Local\Temp
TEMP=C:\Users\Gfried\AppData\Local\Temp



---------------  S Y S T E M  ---------------

OS:
 Windows 10 , 64 bit Build 19041 (10.0.19041.2364)
OS uptime: 3 days 6:44 hours

CPU: total 8 (initial active 8) (4 cores per cpu, 2 threads per core) family 6 model 126 stepping 5 microcode 0xa8, cx8, cmov, fxsr, ht, mmx, 3dnowpref, sse, sse2, sse3, ssse3, sse4.1, sse4.2, popcnt, lzcnt, tsc, tscinvbit, avx, avx2, aes, erms, clmul, bmi1, bmi2, adx, avx512f, avx512dq, avx512cd, avx512bw, avx512vl, sha, fma, vzeroupper, avx512_vpopcntdq, avx512_vpclmulqdq, avx512_vaes, avx512_vnni, clflush, clflushopt, avx512_vbmi2, avx512_vbmi, rdtscp, rdpid, fsrm, gfni, avx512_bitalg

Memory: 4k page, system-wide physical 16069M (1119M free)
TotalPageFile size 30926M (AvailPageFile size 3394M)
current process WorkingSet (physical memory assigned to process): 58M, peak: 63M
current process commit charge ("private bytes"): 348M, peak: 354M

vm_info: OpenJDK 64-Bit Server VM (19.0.1+10-21) for windows-amd64 JRE (19.0.1+10-21), built on 2022-09-14T12:45:06Z by "mach5one" with MS VC++ 17.1 (VS2022)

END.
