#
# A fatal error has been detected by the Java Runtime Environment:
#
#  EXCEPTION_ACCESS_VIOLATION (0xc0000005) at pc=0x0000000180005b00, pid=28080, tid=0x0000000000004b1c
#
# JRE version: Java(TM) SE Runtime Environment (8.0_341-b10) (build 1.8.0_341-b10)
# Java VM: Java HotSpot(TM) 64-Bit Server VM (25.341-b10 mixed mode windows-amd64 compressed oops)
# Problematic frame:
# C  [rxtxSerial.dll+0x5b00]
#
# Failed to write core dump. Minidumps are not enabled by default on client versions of Windows
#
# If you would like to submit a bug report, please visit:
#   http://bugreport.java.com/bugreport/crash.jsp
# The crash happened outside the Java Virtual Machine in native code.
# See problematic frame for where to report the bug.
#

---------------  T H R E A D  ---------------

Current thread (0x000001b9fe253800):  JavaThread "Thread-1" [_thread_in_native, id=19228, stack(0x0000007686000000,0x0000007686100000)]

siginfo: ExceptionCode=0xc0000005, reading address 0xffffffff85ffefe8

Registers:
RAX=0x0000000000000001, RBX=0x0000000000000000, RCX=0x000000018001d4d5, RDX=0xfffffffffffff665
RSP=0x00000076860feb80, RBP=0x00000000ffffffff, RSI=0x0000000000000000, RDI=0x000001b9fe253a00
R8 =0x0000000000000002, R9 =0xfffffffffffff63c, R10=0x000000000000000a, R11=0x8101010101010100
R12=0xffffffff85ffefe0, R13=0x0000000000000008, R14=0x00000076860fed68, R15=0x0000000000000000
RIP=0x0000000180005b00, EFLAGS=0x0000000000010202

Top of Stack: (sp=0x00000076860feb80)
0x00000076860feb80:   0000000000000000 ffffffff85ffefe0
0x00000076860feb90:   0000000000000000 0000000000000000
0x00000076860feba0:   0000000000000000 00000076860fed68
0x00000076860febb0:   000001b9fbca02a0 0000000000000001
0x00000076860febc0:   000001b9fe253a00 0000000000000008
0x00000076860febd0:   ffffffffffffffff 0000000180006211
0x00000076860febe0:   000001b9fe4c1440 ffffffffffffffff
0x00000076860febf0:   0000000000000001 000001b9fe4c1440
0x00000076860fec00:   000001b900000008 00000076ffffffff
0x00000076860fec10:   00000076860fed70 000000006e23357b
0x00000076860fec20:   00000076860fec50 0000000000000000
0x00000076860fec30:   0000000000000001 000001b9fe165e50
0x00000076860fec40:   000001b9fbca02a8 000001b9fe253800
0x00000076860fec50:   000001b9fbca02a8 00002047fc7d2e16
0x00000076860fec60:   000001b9eac47e40 000001b9fbca02a0
0x00000076860fec70:   000001b9fe253800 00000076860fed70 

Instructions: (pc=0x0000000180005b00)
0x0000000180005ae0:   15 23 7a 01 00 48 8d 48 60 e8 3a 5d 00 00 4c 8b
0x0000000180005af0:   e5 8b ac 24 88 00 00 00 44 8b ac 24 80 00 00 00
0x0000000180005b00:   45 8b 74 24 08 41 89 5c 24 08 41 8b fd 85 ed 78
0x0000000180005b10:   09 ff 15 e9 14 01 00 44 8b f8 45 85 ed 7e 4a 90 


Register to memory mapping:

RAX=0x0000000000000001 is an unknown value
RBX=0x0000000000000000 is an unknown value
RCX=0x000000018001d4d5 is an unknown value
RDX=0xfffffffffffff665 is an unknown value
RSP=0x00000076860feb80 is pointing into the stack for thread: 0x000001b9fe253800
RBP=0x00000000ffffffff is an unknown value
RSI=0x0000000000000000 is an unknown value
RDI=0x000001b9fe253a00 is an unknown value
R8 =0x0000000000000002 is an unknown value
R9 =0xfffffffffffff63c is an unknown value
R10=0x000000000000000a is an unknown value
R11=0x8101010101010100 is an unknown value
R12=0xffffffff85ffefe0 is an unknown value
R13=0x0000000000000008 is an unknown value
R14=0x00000076860fed68 is pointing into the stack for thread: 0x000001b9fe253800
R15=0x0000000000000000 is an unknown value


Stack: [0x0000007686000000,0x0000007686100000],  sp=0x00000076860feb80,  free space=1018k
Native frames: (J=compiled Java code, j=interpreted, Vv=VM code, C=native code)
C  [rxtxSerial.dll+0x5b00]
C  [rxtxSerial.dll+0x6211]
C  0x000001b9eac5a02e

Java frames: (J=compiled Java code, j=interpreted, Vv=VM code)
j  gnu.io.RXTXPort.readArray([BII)I+0
j  gnu.io.RXTXPort$SerialInputStream.read([BII)I+212
j  gnu.io.RXTXPort$SerialInputStream.read([B)I+60
j  model.SerailConnection.SerialReader.run()V+13
j  java.lang.Thread.run()V+11
v  ~StubRoutines::call_stub

---------------  P R O C E S S  ---------------

Java Threads: ( => current thread )
=>0x000001b9fe253800 JavaThread "Thread-1" [_thread_in_native, id=19228, stack(0x0000007686000000,0x0000007686100000)]
  0x000001b9e9246000 JavaThread "DestroyJavaVM" [_thread_blocked, id=7624, stack(0x0000007684900000,0x0000007684a00000)]
  0x000001b9fe06b800 JavaThread "Thread-0" [_thread_blocked, id=25872, stack(0x0000007685f00000,0x0000007686000000)]
  0x000001b9fe118800 JavaThread "mysql-cj-abandoned-connection-cleanup" daemon [_thread_blocked, id=13044, stack(0x0000007685e00000,0x0000007685f00000)]
  0x000001b9fdeb2000 JavaThread "Service Thread" daemon [_thread_blocked, id=23204, stack(0x0000007685c00000,0x0000007685d00000)]
  0x000001b9fde1b800 JavaThread "C1 CompilerThread3" daemon [_thread_blocked, id=22888, stack(0x0000007685b00000,0x0000007685c00000)]
  0x000001b9fde18800 JavaThread "C2 CompilerThread2" daemon [_thread_blocked, id=18420, stack(0x0000007685a00000,0x0000007685b00000)]
  0x000001b9fde18000 JavaThread "C2 CompilerThread1" daemon [_thread_blocked, id=18876, stack(0x0000007685900000,0x0000007685a00000)]
  0x000001b9fde16000 JavaThread "C2 CompilerThread0" daemon [_thread_blocked, id=4196, stack(0x0000007685800000,0x0000007685900000)]
  0x000001b9fbfe5800 JavaThread "Monitor Ctrl-Break" daemon [_thread_in_native, id=16132, stack(0x0000007685700000,0x0000007685800000)]
  0x000001b9fbf92800 JavaThread "Attach Listener" daemon [_thread_blocked, id=19232, stack(0x0000007685600000,0x0000007685700000)]
  0x000001b9fbf91800 JavaThread "Signal Dispatcher" daemon [_thread_blocked, id=25904, stack(0x0000007685500000,0x0000007685600000)]
  0x000001b9fbf64800 JavaThread "Finalizer" daemon [_thread_blocked, id=12596, stack(0x0000007685400000,0x0000007685500000)]
  0x000001b9fbf5d000 JavaThread "Reference Handler" daemon [_thread_blocked, id=26544, stack(0x0000007685300000,0x0000007685400000)]

Other Threads:
  0x000001b9fbf31000 VMThread [stack: 0x0000007685200000,0x0000007685300000] [id=19236]
  0x000001b9fdec0800 WatcherThread [stack: 0x0000007685d00000,0x0000007685e00000] [id=5832]

VM state:not at safepoint (normal execution)

VM Mutex/Monitor currently owned by a thread: None

heap address: 0x00000006c4e00000, size: 4018 MB, Compressed Oops mode: Zero based, Oop shift amount: 3
Narrow klass base: 0x0000000000000000, Narrow klass shift: 3
Compressed class space size: 1073741824 Address: 0x00000007c0000000

Heap:
 PSYoungGen      total 75264K, used 29740K [0x000000076c500000, 0x0000000771900000, 0x00000007c0000000)
  eden space 64512K, 46% used [0x000000076c500000,0x000000076e20b308,0x0000000770400000)
  from space 10752K, 0% used [0x0000000770e80000,0x0000000770e80000,0x0000000771900000)
  to   space 10752K, 0% used [0x0000000770400000,0x0000000770400000,0x0000000770e80000)
 ParOldGen       total 172032K, used 0K [0x00000006c4e00000, 0x00000006cf600000, 0x000000076c500000)
  object space 172032K, 0% used [0x00000006c4e00000,0x00000006c4e00000,0x00000006cf600000)
 Metaspace       used 9007K, capacity 9228K, committed 9344K, reserved 1056768K
  class space    used 993K, capacity 1074K, committed 1152K, reserved 1048576K

Card table byte_map: [0x000001b9fa000000,0x000001b9fa7e0000] byte_map_base: 0x000001b9f69d9000

Marking Bits: (ParMarkBitMap*) 0x000000006e959030
 Begin Bits: [0x000001b980000000, 0x000001b983ec8000)
 End Bits:   [0x000001b983ec8000, 0x000001b987d90000)

Polling page: 0x000001b9e9380000

CodeCache: size=245760Kb used=2637Kb max_used=2647Kb free=243122Kb
 bounds [0x000001b9eac40000, 0x000001b9eaee0000, 0x000001b9f9c40000]
 total_blobs=980 nmethods=630 adapters=263
 compilation: enabled

Compilation events (10 events):
Event: 11.143 Thread 0x000001b9fde1b800  626       3       java.util.Locale::getDefault (4 bytes)
Event: 11.143 Thread 0x000001b9fde1b800 nmethod 626 0x000001b9eaed2450 code [0x000001b9eaed25a0, 0x000001b9eaed26f8]
Event: 11.143 Thread 0x000001b9fde1b800  627       3       java.lang.String::toLowerCase (8 bytes)
Event: 11.144 Thread 0x000001b9fde1b800 nmethod 627 0x000001b9eaed1f90 code [0x000001b9eaed2100, 0x000001b9eaed2390]
Event: 11.144 Thread 0x000001b9fde1b800  629       3       java.lang.String::regionMatches (91 bytes)
Event: 11.144 Thread 0x000001b9fde1b800 nmethod 629 0x000001b9eaed1890 code [0x000001b9eaed1a00, 0x000001b9eaed1db8]
Event: 11.145 Thread 0x000001b9fde1b800  628       3       java.lang.String::toUpperCase (8 bytes)
Event: 11.145 Thread 0x000001b9fde1b800 nmethod 628 0x000001b9eaed13d0 code [0x000001b9eaed1540, 0x000001b9eaed17d0]
Event: 11.145 Thread 0x000001b9fde1b800  630  s    3       java.lang.StringBuffer::append (13 bytes)
Event: 11.145 Thread 0x000001b9fde1b800 nmethod 630 0x000001b9eaed0e50 code [0x000001b9eaed0fc0, 0x000001b9eaed12f0]

GC Heap History (0 events):
No events

Deoptimization events (3 events):
Event: 0.557 Thread 0x000001b9e9246000 Uncommon trap: reason=unstable_if action=reinterpret pc=0x000001b9eadfce58 method=java.util.Properties$LineReader.readLine()I @ 252
Event: 0.558 Thread 0x000001b9e9246000 Uncommon trap: reason=unstable_if action=reinterpret pc=0x000001b9eae07ba8 method=java.util.Properties.loadConvert([CII[C)Ljava/lang/String; @ 4
Event: 0.662 Thread 0x000001b9e9246000 Uncommon trap: reason=null_check action=make_not_entrant pc=0x000001b9eadc479c method=java.lang.String.equals(Ljava/lang/Object;)Z @ 8

Classes redefined (0 events):
No events

Internal exceptions (9 events):
Event: 0.099 Thread 0x000001b9e9246000 Exception <a 'java/lang/NoSuchMethodError': Method sun.misc.Unsafe.defineClass(Ljava/lang/String;[BII)Ljava/lang/Class; name or signature does not match> (0x000000076c507cc8) thrown at [C:\jenkins\workspace\8-2-build-windows-x64-cygwin\jdk8u341\2692\hotsp
Event: 0.099 Thread 0x000001b9e9246000 Exception <a 'java/lang/NoSuchMethodError': Method sun.misc.Unsafe.prefetchRead(Ljava/lang/Object;J)V name or signature does not match> (0x000000076c507fb0) thrown at [C:\jenkins\workspace\8-2-build-windows-x64-cygwin\jdk8u341\2692\hotspot\src\share\vm\pr
Event: 0.358 Thread 0x000001b9e9246000 Exception <a 'java/lang/NoSuchFieldError': method resolution failed> (0x000000076ca2c8d8) thrown at [C:\jenkins\workspace\8-2-build-windows-x64-cygwin\jdk8u341\2692\hotspot\src\share\vm\prims\methodHandles.cpp, line 1188]
Event: 0.361 Thread 0x000001b9e9246000 Exception <a 'java/lang/NoSuchFieldError': method resolution failed> (0x000000076ca3a780) thrown at [C:\jenkins\workspace\8-2-build-windows-x64-cygwin\jdk8u341\2692\hotspot\src\share\vm\prims\methodHandles.cpp, line 1188]
Event: 0.388 Thread 0x000001b9fe118800 Exception <a 'java/security/PrivilegedActionException'> (0x000000076cb5f7b8) thrown at [C:\jenkins\workspace\8-2-build-windows-x64-cygwin\jdk8u341\2692\hotspot\src\share\vm\prims\jvm.cpp, line 1523]
Event: 0.388 Thread 0x000001b9fe118800 Exception <a 'java/security/PrivilegedActionException'> (0x000000076cb5f9c8) thrown at [C:\jenkins\workspace\8-2-build-windows-x64-cygwin\jdk8u341\2692\hotspot\src\share\vm\prims\jvm.cpp, line 1523]
Event: 0.662 Thread 0x000001b9e9246000 Implicit null exception at 0x000001b9eadc459b to 0x000001b9eadc478d
Event: 0.807 Thread 0x000001b9e9246000 Exception <a 'java/io/FileNotFoundException'> (0x000000076dbed120) thrown at [C:\jenkins\workspace\8-2-build-windows-x64-cygwin\jdk8u341\2692\hotspot\src\share\vm\prims\jni.cpp, line 710]
Event: 11.144 Thread 0x000001b9e9246000 Exception <a 'java/io/FileNotFoundException'> (0x000000076dc039f8) thrown at [C:\jenkins\workspace\8-2-build-windows-x64-cygwin\jdk8u341\2692\hotspot\src\share\vm\prims\jni.cpp, line 710]

Events (10 events):
Event: 11.196 loading class model/SerailConnection/SerialWriter done
Event: 11.205 loading class jdk/internal/misc/TerminatingThreadLocal$1
Event: 11.205 loading class jdk/internal/misc/TerminatingThreadLocal$1 done
Event: 11.205 Thread 0x000001b9e9246000 Thread exited: 0x000001b9e9246000
Event: 11.205 Thread 0x000001b9e9246000 Thread added: 0x000001b9e9246000
Event: 25.446 loading class gnu/io/SerialPortEvent
Event: 25.446 loading class gnu/io/SerialPortEvent done
Event: 25.447 loading class java/util/EventObject
Event: 25.447 loading class java/util/EventObject done
Event: 25.448 Thread 0x000001b9fe253800 Thread added: 0x000001b9fe253800


Dynamic libraries:
0x00007ff6a5800000 - 0x00007ff6a5847000 	C:\Users\Gfried\Desktop\jvm\jdk1.8.0_341\bin\java.exe
0x00007ffd5a010000 - 0x00007ffd5a208000 	C:\WINDOWS\SYSTEM32\ntdll.dll
0x00007ffd59ba0000 - 0x00007ffd59c5f000 	C:\WINDOWS\System32\KERNEL32.DLL
0x00007ffd57810000 - 0x00007ffd57ae2000 	C:\WINDOWS\System32\KERNELBASE.dll
0x00007ffd54b70000 - 0x00007ffd54c01000 	C:\WINDOWS\SYSTEM32\apphelp.dll
0x00007ffd58a50000 - 0x00007ffd58afe000 	C:\WINDOWS\System32\ADVAPI32.dll
0x00007ffd58b00000 - 0x00007ffd58b9e000 	C:\WINDOWS\System32\msvcrt.dll
0x00007ffd59b00000 - 0x00007ffd59b9c000 	C:\WINDOWS\System32\sechost.dll
0x00007ffd59110000 - 0x00007ffd59235000 	C:\WINDOWS\System32\RPCRT4.dll
0x00007ffd59440000 - 0x00007ffd595e1000 	C:\WINDOWS\System32\USER32.dll
0x00007ffd57af0000 - 0x00007ffd57b12000 	C:\WINDOWS\System32\win32u.dll
0x00007ffd590e0000 - 0x00007ffd5910b000 	C:\WINDOWS\System32\GDI32.dll
0x00007ffd57700000 - 0x00007ffd5780f000 	C:\WINDOWS\System32\gdi32full.dll
0x00007ffd57fb0000 - 0x00007ffd5804d000 	C:\WINDOWS\System32\msvcp_win.dll
0x00007ffd57d30000 - 0x00007ffd57e30000 	C:\WINDOWS\System32\ucrtbase.dll
0x00007ffd3e650000 - 0x00007ffd3e8ea000 	C:\WINDOWS\WinSxS\amd64_microsoft.windows.common-controls_6595b64144ccf1df_6.0.19041.1110_none_60b5254171f9507e\COMCTL32.dll
0x00007ffd58c80000 - 0x00007ffd58cb2000 	C:\WINDOWS\System32\IMM32.DLL
0x00007ffd1f510000 - 0x00007ffd1f525000 	C:\Users\Gfried\Desktop\jvm\jdk1.8.0_341\jre\bin\vcruntime140.dll
0x00007ffd13e90000 - 0x00007ffd13f2b000 	C:\Users\Gfried\Desktop\jvm\jdk1.8.0_341\jre\bin\msvcp140.dll
0x000000006e170000 - 0x000000006e9d1000 	C:\Users\Gfried\Desktop\jvm\jdk1.8.0_341\jre\bin\server\jvm.dll
0x00007ffd59430000 - 0x00007ffd59438000 	C:\WINDOWS\System32\PSAPI.DLL
0x00007ffcf5fa0000 - 0x00007ffcf5fa9000 	C:\WINDOWS\SYSTEM32\WSOCK32.dll
0x00007ffd58d90000 - 0x00007ffd58dfb000 	C:\WINDOWS\System32\WS2_32.dll
0x00007ffd37180000 - 0x00007ffd371a7000 	C:\WINDOWS\SYSTEM32\WINMM.dll
0x00007ffd50a30000 - 0x00007ffd50a3a000 	C:\WINDOWS\SYSTEM32\VERSION.dll
0x00007ffd55f50000 - 0x00007ffd55f62000 	C:\WINDOWS\SYSTEM32\kernel.appcore.dll
0x00007ffd3c240000 - 0x00007ffd3c250000 	C:\Users\Gfried\Desktop\jvm\jdk1.8.0_341\jre\bin\verify.dll
0x00007ffd1f4e0000 - 0x00007ffd1f50b000 	C:\Users\Gfried\Desktop\jvm\jdk1.8.0_341\jre\bin\java.dll
0x00007ffd1f420000 - 0x00007ffd1f450000 	C:\Users\Gfried\Desktop\jvm\jdk1.8.0_341\jre\bin\instrument.dll
0x00007ffd1ef20000 - 0x00007ffd1ef38000 	C:\Users\Gfried\Desktop\jvm\jdk1.8.0_341\jre\bin\zip.dll
0x00007ffd58050000 - 0x00007ffd58794000 	C:\WINDOWS\System32\SHELL32.dll
0x00007ffd557a0000 - 0x00007ffd55f32000 	C:\WINDOWS\SYSTEM32\windows.storage.dll
0x00007ffd59c60000 - 0x00007ffd59fb5000 	C:\WINDOWS\System32\combase.dll
0x00007ffd57080000 - 0x00007ffd570b0000 	C:\WINDOWS\SYSTEM32\Wldp.dll
0x00007ffd58cc0000 - 0x00007ffd58d6d000 	C:\WINDOWS\System32\SHCORE.dll
0x00007ffd58c20000 - 0x00007ffd58c75000 	C:\WINDOWS\System32\shlwapi.dll
0x00007ffd57640000 - 0x00007ffd5765f000 	C:\WINDOWS\SYSTEM32\profapi.dll
0x00007ffd1ee20000 - 0x00007ffd1ee3a000 	C:\Users\Gfried\AppData\Local\JetBrains\Toolbox\apps\IDEA-U\ch-0\223.8214.52\bin\breakgen64.dll
0x00007ffd1ee00000 - 0x00007ffd1ee1c000 	C:\Users\Gfried\Desktop\jvm\jdk1.8.0_341\jre\bin\net.dll
0x00007ffd56de0000 - 0x00007ffd56e4a000 	C:\WINDOWS\system32\mswsock.dll
0x00007ffd56b60000 - 0x00007ffd56c2a000 	C:\WINDOWS\SYSTEM32\DNSAPI.dll
0x00007ffd56ad0000 - 0x00007ffd56b0b000 	C:\WINDOWS\SYSTEM32\IPHLPAPI.DLL
0x00007ffd59fc0000 - 0x00007ffd59fc8000 	C:\WINDOWS\System32\NSI.dll
0x00007ffd49520000 - 0x00007ffd4952a000 	C:\Windows\System32\rasadhlp.dll
0x00007ffd49440000 - 0x00007ffd494c0000 	C:\WINDOWS\System32\fwpuclnt.dll
0x00007ffd57f30000 - 0x00007ffd57f57000 	C:\WINDOWS\System32\bcrypt.dll
0x0000000180000000 - 0x0000000180025000 	C:\Windows\System32\rxtxSerial.dll
0x00007ffd554c0000 - 0x00007ffd556a4000 	C:\WINDOWS\SYSTEM32\dbghelp.dll
0x00007ffd57ea0000 - 0x00007ffd57f22000 	C:\WINDOWS\System32\bcryptPrimitives.dll

VM Arguments:
jvm_args: -javaagent:C:\Users\Gfried\AppData\Local\JetBrains\Toolbox\apps\IDEA-U\ch-0\223.8214.52\lib\idea_rt.jar=53690:C:\Users\Gfried\AppData\Local\JetBrains\Toolbox\apps\IDEA-U\ch-0\223.8214.52\bin -Dfile.encoding=UTF-8 
java_command: Main
java_class_path (initial): C:\Users\Gfried\Desktop\jvm\jdk1.8.0_341\jre\lib\charsets.jar;C:\Users\Gfried\Desktop\jvm\jdk1.8.0_341\jre\lib\deploy.jar;C:\Users\Gfried\Desktop\jvm\jdk1.8.0_341\jre\lib\ext\access-bridge-64.jar;C:\Users\Gfried\Desktop\jvm\jdk1.8.0_341\jre\lib\ext\cldrdata.jar;C:\Users\Gfried\Desktop\jvm\jdk1.8.0_341\jre\lib\ext\dnsns.jar;C:\Users\Gfried\Desktop\jvm\jdk1.8.0_341\jre\lib\ext\jaccess.jar;C:\Users\Gfried\Desktop\jvm\jdk1.8.0_341\jre\lib\ext\jfxrt.jar;C:\Users\Gfried\Desktop\jvm\jdk1.8.0_341\jre\lib\ext\localedata.jar;C:\Users\Gfried\Desktop\jvm\jdk1.8.0_341\jre\lib\ext\nashorn.jar;C:\Users\Gfried\Desktop\jvm\jdk1.8.0_341\jre\lib\ext\sunec.jar;C:\Users\Gfried\Desktop\jvm\jdk1.8.0_341\jre\lib\ext\sunjce_provider.jar;C:\Users\Gfried\Desktop\jvm\jdk1.8.0_341\jre\lib\ext\sunmscapi.jar;C:\Users\Gfried\Desktop\jvm\jdk1.8.0_341\jre\lib\ext\sunpkcs11.jar;C:\Users\Gfried\Desktop\jvm\jdk1.8.0_341\jre\lib\ext\zipfs.jar;C:\Users\Gfried\Desktop\jvm\jdk1.8.0_341\jre\lib\javaws.jar;C:\Users\Gfried\Desktop\jvm\jdk1.8.0_341\jre\lib\jce.jar;C:\Users\Gfried\Desktop\jvm\jdk1.8.0_341\jre\lib\jfr.jar;C:\Users\Gfried\Desktop\jvm\jdk1.8.0_341\jre\lib\jfxswt.jar;C:\Users\Gfried\Desktop\jvm\jdk1.8.0_341\jre\lib\jsse.jar;C:\Users\Gfried\Desktop\jvm\jdk1.8.0_341\jre\lib\management-agent.jar;C:\Users\Gfried\Desktop\jvm\jdk1.8.0_341\jre\lib\plugin.jar;C:\Users\Gfried\Desktop\jvm\jdk1.8.0_341\jre\lib\resources.jar;C:\Users\Gfried\Desktop\jvm\jdk1.8.0_341\jre\lib\rt.jar;C:\Users\Gfried\IdeaProjects\data\out\production\data;C:\Users\Gfried\Downloads\mfz-rxtx-2.2-20081207-win-x64 (1)\mfz-rxtx-2.2-20081207-win-x64\RXTXcomm;C:\Program Files (x86)\MySQL\Connector J 8.0\mysql-connector-j-8.0.31.jar;C:\Users\Gfried\AppData\Local\JetBrains\Toolbox\apps\IDEA-U\ch-0\223.8214.52\lib\idea_rt.jar
Launcher Type: SUN_STANDARD

Environment Variables:
JAVA_HOME=C:\Program Files\Java\jdk-11.0.16.1
PATH=C:\Program Files\Common Files\Oracle\Java\javapath;C:\Program Files (x86)\Common Files\Oracle\Java\javapath;C:\Program Files (x86)\VMware\VMware Workstation\bin\;C:\WINDOWS\system32;C:\WINDOWS;C:\WINDOWS\System32\Wbem;C:\WINDOWS\System32\WindowsPowerShell\v1.0\;C:\WINDOWS\System32\OpenSSH\;C:\Program Files\Git\cmd;C:\Program Files\MySQL\MySQL Shell 8.0\bin\;C:\Users\Gfried\AppData\Local\Microsoft\WindowsApps;C:\Program Files\JetBrains\IntelliJ IDEA 2022.2.3\bin;C:\Users\Gfried\AppData\Local\JetBrains\Toolbox\scripts;E:\flutter_windows_3.3.3-stable\flutter\bin;C:\Users\Gfried\.jdks\openjdk-19.0.1
USERNAME=Gfried
OS=Windows_NT
PROCESSOR_IDENTIFIER=Intel64 Family 6 Model 126 Stepping 5, GenuineIntel



---------------  S Y S T E M  ---------------

OS: Windows 10 , 64 bit Build 19041 (10.0.19041.2364)

CPU:total 8 (initial active 8) (4 cores per cpu, 2 threads per core) family 6 model 126 stepping 5, cmov, cx8, fxsr, mmx, sse, sse2, sse3, ssse3, sse4.1, sse4.2, popcnt, avx, avx2, aes, clmul, erms, 3dnowpref, lzcnt, ht, tsc, tscinvbit, bmi1, bmi2, adx

Memory: 4k page, physical 16454764k(1898064k free), swap 31668532k(3533440k free)

vm_info: Java HotSpot(TM) 64-Bit Server VM (25.341-b10) for windows-amd64 JRE (1.8.0_341-b10), built on Jun 16 2022 15:51:07 by "java_re" with MS VC++ 15.9 (VS2017)

time: Sat Jan  7 16:07:57 2023
timezone: W. Central Africa Standard Time
elapsed time: 25.460614 seconds (0d 0h 0m 25s)

